2025-06-23T10:34:46.415+09:00  INFO 95795 --- [prompt-test] [main] a.s.k.prompttest.PromptTestApplication   : Starting PromptTestApplication using Java 17.0.14 with PID 95795 (/Users/gyudeok0202/Workspace/BE_Repository/build/classes/java/main started by gyudeok0202 in /Users/gyudeok0202/Workspace/BE_Repository)
2025-06-23T10:34:46.417+09:00 DEBUG 95795 --- [prompt-test] [main] a.s.k.prompttest.PromptTestApplication   : Running with Spring Boot v3.2.3, Spring v6.1.4
2025-06-23T10:34:46.418+09:00  INFO 95795 --- [prompt-test] [main] a.s.k.prompttest.PromptTestApplication   : No active profile set, falling back to 1 default profile: "default"
2025-06-23T10:34:46.671+09:00  INFO 95795 --- [prompt-test] [main] .s.d.r.c.RepositoryConfigurationDelegate : Multiple Spring Data modules found, entering strict repository configuration mode
2025-06-23T10:34:46.671+09:00  INFO 95795 --- [prompt-test] [main] .s.d.r.c.RepositoryConfigurationDelegate : Bootstrapping Spring Data JDBC repositories in DEFAULT mode.
2025-06-23T10:34:46.682+09:00  INFO 95795 --- [prompt-test] [main] .RepositoryConfigurationExtensionSupport : Spring Data JDBC - Could not safely identify store assignment for repository candidate interface ac.su.kdt.prompttest.repository.ChatHistoryRepository; If you want this repository to be a JDBC repository, consider annotating your entities with one of these annotations: org.springframework.data.relational.core.mapping.Table.
2025-06-23T10:34:46.682+09:00  INFO 95795 --- [prompt-test] [main] .RepositoryConfigurationExtensionSupport : Spring Data JDBC - Could not safely identify store assignment for repository candidate interface ac.su.kdt.prompttest.repository.ChatRoomRepository; If you want this repository to be a JDBC repository, consider annotating your entities with one of these annotations: org.springframework.data.relational.core.mapping.Table.
2025-06-23T10:34:46.683+09:00  INFO 95795 --- [prompt-test] [main] .RepositoryConfigurationExtensionSupport : Spring Data JDBC - Could not safely identify store assignment for repository candidate interface ac.su.kdt.prompttest.repository.IngredientRepository; If you want this repository to be a JDBC repository, consider annotating your entities with one of these annotations: org.springframework.data.relational.core.mapping.Table.
2025-06-23T10:34:46.683+09:00  INFO 95795 --- [prompt-test] [main] .RepositoryConfigurationExtensionSupport : Spring Data JDBC - Could not safely identify store assignment for repository candidate interface ac.su.kdt.prompttest.repository.RecipeIngredientRepository; If you want this repository to be a JDBC repository, consider annotating your entities with one of these annotations: org.springframework.data.relational.core.mapping.Table.
2025-06-23T10:34:46.683+09:00  INFO 95795 --- [prompt-test] [main] .RepositoryConfigurationExtensionSupport : Spring Data JDBC - Could not safely identify store assignment for repository candidate interface ac.su.kdt.prompttest.repository.RecipeRepository; If you want this repository to be a JDBC repository, consider annotating your entities with one of these annotations: org.springframework.data.relational.core.mapping.Table.
2025-06-23T10:34:46.684+09:00  INFO 95795 --- [prompt-test] [main] .RepositoryConfigurationExtensionSupport : Spring Data JDBC - Could not safely identify store assignment for repository candidate interface ac.su.kdt.prompttest.repository.RefrigeratorIngredientRepository; If you want this repository to be a JDBC repository, consider annotating your entities with one of these annotations: org.springframework.data.relational.core.mapping.Table.
2025-06-23T10:34:46.684+09:00  INFO 95795 --- [prompt-test] [main] .RepositoryConfigurationExtensionSupport : Spring Data JDBC - Could not safely identify store assignment for repository candidate interface ac.su.kdt.prompttest.repository.RefrigeratorRepository; If you want this repository to be a JDBC repository, consider annotating your entities with one of these annotations: org.springframework.data.relational.core.mapping.Table.
2025-06-23T10:34:46.684+09:00  INFO 95795 --- [prompt-test] [main] .RepositoryConfigurationExtensionSupport : Spring Data JDBC - Could not safely identify store assignment for repository candidate interface ac.su.kdt.prompttest.repository.UserPromptRepository; If you want this repository to be a JDBC repository, consider annotating your entities with one of these annotations: org.springframework.data.relational.core.mapping.Table.
2025-06-23T10:34:46.685+09:00  INFO 95795 --- [prompt-test] [main] .RepositoryConfigurationExtensionSupport : Spring Data JDBC - Could not safely identify store assignment for repository candidate interface ac.su.kdt.prompttest.repository.UserRecipeRepository; If you want this repository to be a JDBC repository, consider annotating your entities with one of these annotations: org.springframework.data.relational.core.mapping.Table.
2025-06-23T10:34:46.685+09:00  INFO 95795 --- [prompt-test] [main] .RepositoryConfigurationExtensionSupport : Spring Data JDBC - Could not safely identify store assignment for repository candidate interface ac.su.kdt.prompttest.repository.UserRepository; If you want this repository to be a JDBC repository, consider annotating your entities with one of these annotations: org.springframework.data.relational.core.mapping.Table.
2025-06-23T10:34:46.685+09:00  INFO 95795 --- [prompt-test] [main] .s.d.r.c.RepositoryConfigurationDelegate : Finished Spring Data repository scanning in 12 ms. Found 0 JDBC repository interfaces.
2025-06-23T10:34:46.689+09:00  INFO 95795 --- [prompt-test] [main] .s.d.r.c.RepositoryConfigurationDelegate : Multiple Spring Data modules found, entering strict repository configuration mode
2025-06-23T10:34:46.689+09:00  INFO 95795 --- [prompt-test] [main] .s.d.r.c.RepositoryConfigurationDelegate : Bootstrapping Spring Data JPA repositories in DEFAULT mode.
2025-06-23T10:34:46.737+09:00  INFO 95795 --- [prompt-test] [main] .s.d.r.c.RepositoryConfigurationDelegate : Finished Spring Data repository scanning in 46 ms. Found 10 JPA repository interfaces.
2025-06-23T10:34:46.744+09:00  INFO 95795 --- [prompt-test] [main] .s.d.r.c.RepositoryConfigurationDelegate : Multiple Spring Data modules found, entering strict repository configuration mode
2025-06-23T10:34:46.744+09:00  INFO 95795 --- [prompt-test] [main] .s.d.r.c.RepositoryConfigurationDelegate : Bootstrapping Spring Data Redis repositories in DEFAULT mode.
2025-06-23T10:34:46.749+09:00  INFO 95795 --- [prompt-test] [main] .RepositoryConfigurationExtensionSupport : Spring Data Redis - Could not safely identify store assignment for repository candidate interface ac.su.kdt.prompttest.repository.ChatHistoryRepository; If you want this repository to be a Redis repository, consider annotating your entities with one of these annotations: org.springframework.data.redis.core.RedisHash (preferred), or consider extending one of the following types with your repository: org.springframework.data.keyvalue.repository.KeyValueRepository
2025-06-23T10:34:46.749+09:00  INFO 95795 --- [prompt-test] [main] .RepositoryConfigurationExtensionSupport : Spring Data Redis - Could not safely identify store assignment for repository candidate interface ac.su.kdt.prompttest.repository.ChatRoomRepository; If you want this repository to be a Redis repository, consider annotating your entities with one of these annotations: org.springframework.data.redis.core.RedisHash (preferred), or consider extending one of the following types with your repository: org.springframework.data.keyvalue.repository.KeyValueRepository
2025-06-23T10:34:46.749+09:00  INFO 95795 --- [prompt-test] [main] .RepositoryConfigurationExtensionSupport : Spring Data Redis - Could not safely identify store assignment for repository candidate interface ac.su.kdt.prompttest.repository.IngredientRepository; If you want this repository to be a Redis repository, consider annotating your entities with one of these annotations: org.springframework.data.redis.core.RedisHash (preferred), or consider extending one of the following types with your repository: org.springframework.data.keyvalue.repository.KeyValueRepository
2025-06-23T10:34:46.750+09:00  INFO 95795 --- [prompt-test] [main] .RepositoryConfigurationExtensionSupport : Spring Data Redis - Could not safely identify store assignment for repository candidate interface ac.su.kdt.prompttest.repository.RecipeIngredientRepository; If you want this repository to be a Redis repository, consider annotating your entities with one of these annotations: org.springframework.data.redis.core.RedisHash (preferred), or consider extending one of the following types with your repository: org.springframework.data.keyvalue.repository.KeyValueRepository
2025-06-23T10:34:46.750+09:00  INFO 95795 --- [prompt-test] [main] .RepositoryConfigurationExtensionSupport : Spring Data Redis - Could not safely identify store assignment for repository candidate interface ac.su.kdt.prompttest.repository.RecipeRepository; If you want this repository to be a Redis repository, consider annotating your entities with one of these annotations: org.springframework.data.redis.core.RedisHash (preferred), or consider extending one of the following types with your repository: org.springframework.data.keyvalue.repository.KeyValueRepository
2025-06-23T10:34:46.750+09:00  INFO 95795 --- [prompt-test] [main] .RepositoryConfigurationExtensionSupport : Spring Data Redis - Could not safely identify store assignment for repository candidate interface ac.su.kdt.prompttest.repository.RefrigeratorIngredientRepository; If you want this repository to be a Redis repository, consider annotating your entities with one of these annotations: org.springframework.data.redis.core.RedisHash (preferred), or consider extending one of the following types with your repository: org.springframework.data.keyvalue.repository.KeyValueRepository
2025-06-23T10:34:46.750+09:00  INFO 95795 --- [prompt-test] [main] .RepositoryConfigurationExtensionSupport : Spring Data Redis - Could not safely identify store assignment for repository candidate interface ac.su.kdt.prompttest.repository.RefrigeratorRepository; If you want this repository to be a Redis repository, consider annotating your entities with one of these annotations: org.springframework.data.redis.core.RedisHash (preferred), or consider extending one of the following types with your repository: org.springframework.data.keyvalue.repository.KeyValueRepository
2025-06-23T10:34:46.750+09:00  INFO 95795 --- [prompt-test] [main] .RepositoryConfigurationExtensionSupport : Spring Data Redis - Could not safely identify store assignment for repository candidate interface ac.su.kdt.prompttest.repository.UserPromptRepository; If you want this repository to be a Redis repository, consider annotating your entities with one of these annotations: org.springframework.data.redis.core.RedisHash (preferred), or consider extending one of the following types with your repository: org.springframework.data.keyvalue.repository.KeyValueRepository
2025-06-23T10:34:46.750+09:00  INFO 95795 --- [prompt-test] [main] .RepositoryConfigurationExtensionSupport : Spring Data Redis - Could not safely identify store assignment for repository candidate interface ac.su.kdt.prompttest.repository.UserRecipeRepository; If you want this repository to be a Redis repository, consider annotating your entities with one of these annotations: org.springframework.data.redis.core.RedisHash (preferred), or consider extending one of the following types with your repository: org.springframework.data.keyvalue.repository.KeyValueRepository
2025-06-23T10:34:46.750+09:00  INFO 95795 --- [prompt-test] [main] .RepositoryConfigurationExtensionSupport : Spring Data Redis - Could not safely identify store assignment for repository candidate interface ac.su.kdt.prompttest.repository.UserRepository; If you want this repository to be a Redis repository, consider annotating your entities with one of these annotations: org.springframework.data.redis.core.RedisHash (preferred), or consider extending one of the following types with your repository: org.springframework.data.keyvalue.repository.KeyValueRepository
2025-06-23T10:34:46.750+09:00  INFO 95795 --- [prompt-test] [main] .s.d.r.c.RepositoryConfigurationDelegate : Finished Spring Data repository scanning in 2 ms. Found 0 Redis repository interfaces.
2025-06-23T10:34:46.920+09:00  INFO 95795 --- [prompt-test] [main] o.s.b.w.embedded.tomcat.TomcatWebServer  : Tomcat initialized with port 8080 (http)
2025-06-23T10:34:46.924+09:00  INFO 95795 --- [prompt-test] [main] o.apache.catalina.core.StandardService   : Starting service [Tomcat]
2025-06-23T10:34:46.924+09:00  INFO 95795 --- [prompt-test] [main] o.apache.catalina.core.StandardEngine    : Starting Servlet engine: [Apache Tomcat/10.1.19]
2025-06-23T10:34:46.944+09:00  INFO 95795 --- [prompt-test] [main] o.a.c.c.C.[Tomcat].[localhost].[/]       : Initializing Spring embedded WebApplicationContext
2025-06-23T10:34:46.944+09:00  INFO 95795 --- [prompt-test] [main] w.s.c.ServletWebServerApplicationContext : Root WebApplicationContext: initialization completed in 511 ms
2025-06-23T10:34:46.956+09:00  INFO 95795 --- [prompt-test] [main] com.zaxxer.hikari.HikariDataSource       : HikariPool-1 - Starting...
2025-06-23T10:34:47.011+09:00  INFO 95795 --- [prompt-test] [main] com.zaxxer.hikari.pool.HikariPool        : HikariPool-1 - Added connection com.mysql.cj.jdbc.ConnectionImpl@267f9765
2025-06-23T10:34:47.012+09:00  INFO 95795 --- [prompt-test] [main] com.zaxxer.hikari.HikariDataSource       : HikariPool-1 - Start completed.
2025-06-23T10:34:47.015+09:00  INFO 95795 --- [prompt-test] [main] o.s.b.a.h2.H2ConsoleAutoConfiguration    : H2 console available at '/h2-console'. Database available at 'jdbc:mysql://localhost:3306/recipedb?useSSL=false&serverTimezone=UTC&characterEncoding=UTF-8'
2025-06-23T10:34:47.059+09:00  INFO 95795 --- [prompt-test] [main] o.hibernate.jpa.internal.util.LogHelper  : HHH000204: Processing PersistenceUnitInfo [name: default]
2025-06-23T10:34:47.122+09:00  INFO 95795 --- [prompt-test] [main] org.hibernate.Version                    : HHH000412: Hibernate ORM core version 6.4.4.Final
2025-06-23T10:34:47.135+09:00  INFO 95795 --- [prompt-test] [main] o.h.c.internal.RegionFactoryInitiator    : HHH000026: Second-level cache disabled
2025-06-23T10:34:47.217+09:00  INFO 95795 --- [prompt-test] [main] o.s.o.j.p.SpringPersistenceUnitInfo      : No LoadTimeWeaver setup: ignoring JPA class transformer
2025-06-23T10:34:47.245+09:00  WARN 95795 --- [prompt-test] [main] org.hibernate.orm.deprecation            : HHH90000025: MySQL8Dialect does not need to be specified explicitly using 'hibernate.dialect' (remove the property setting and it will be selected by default)
2025-06-23T10:34:47.245+09:00  WARN 95795 --- [prompt-test] [main] org.hibernate.orm.deprecation            : HHH90000026: MySQL8Dialect has been deprecated; use org.hibernate.dialect.MySQLDialect instead
2025-06-23T10:34:47.632+09:00  INFO 95795 --- [prompt-test] [main] o.h.e.t.j.p.i.JtaPlatformInitiator       : HHH000489: No JTA platform available (set 'hibernate.transaction.jta.platform' to enable JTA platform integration)
2025-06-23T10:34:47.715+09:00  INFO 95795 --- [prompt-test] [main] j.LocalContainerEntityManagerFactoryBean : Initialized JPA EntityManagerFactory for persistence unit 'default'
2025-06-23T10:34:47.828+09:00  INFO 95795 --- [prompt-test] [main] o.s.d.j.r.query.QueryEnhancerFactory     : JSqlParser is in classpath; If applicable, JSqlParser will be used
2025-06-23T10:34:47.828+09:00  INFO 95795 --- [prompt-test] [main] o.s.d.j.r.query.QueryEnhancerFactory     : Hibernate is in classpath; If applicable, HQL parser will be used.
2025-06-23T10:34:48.048+09:00  INFO 95795 --- [prompt-test] [main] a.s.k.p.service.PerplexityService        : API URL: https://api.perplexity.ai/chat/completions
2025-06-23T10:34:48.048+09:00  INFO 95795 --- [prompt-test] [main] a.s.k.p.service.PerplexityService        : API Key length: 24
2025-06-23T10:34:48.048+09:00  INFO 95795 --- [prompt-test] [main] a.s.k.p.service.PerplexityService        : API Key value: your-actua...
2025-06-23T10:34:48.048+09:00  INFO 95795 --- [prompt-test] [main] a.s.k.p.service.PerplexityService        : Full API Key: your-actual-api-key-here
2025-06-23T10:34:48.048+09:00 ERROR 95795 --- [prompt-test] [main] a.s.k.p.service.PerplexityService        : API Key format is invalid! Should start with 'pplx-' but got: your-actua
2025-06-23T10:34:48.092+09:00  WARN 95795 --- [prompt-test] [main] JpaBaseConfiguration$JpaWebConfiguration : spring.jpa.open-in-view is enabled by default. Therefore, database queries may be performed during view rendering. Explicitly configure spring.jpa.open-in-view to disable this warning
2025-06-23T10:34:48.099+09:00  INFO 95795 --- [prompt-test] [main] o.s.b.a.w.s.WelcomePageHandlerMapping    : Adding welcome page: class path resource [static/index.html]
2025-06-23T10:34:48.174+09:00  WARN 95795 --- [prompt-test] [main] ion$DefaultTemplateResolverConfiguration : Cannot find template location: classpath:/templates/ (please add some templates, check your Thymeleaf configuration, or set spring.thymeleaf.check-template-location=false)
2025-06-23T10:34:48.332+09:00  INFO 95795 --- [prompt-test] [main] o.s.b.w.embedded.tomcat.TomcatWebServer  : Tomcat started on port 8080 (http) with context path ''
2025-06-23T10:34:48.335+09:00  INFO 95795 --- [prompt-test] [main] a.s.k.prompttest.PromptTestApplication   : Started PromptTestApplication in 2.049 seconds (process running for 2.166)
2025-06-23T10:40:00.635+09:00  INFO 95795 --- [prompt-test] [SpringApplicationShutdownHook] j.LocalContainerEntityManagerFactoryBean : Closing JPA EntityManagerFactory for persistence unit 'default'
2025-06-23T10:40:00.639+09:00  INFO 95795 --- [prompt-test] [SpringApplicationShutdownHook] com.zaxxer.hikari.HikariDataSource       : HikariPool-1 - Shutdown initiated...
2025-06-23T10:40:00.655+09:00  INFO 95795 --- [prompt-test] [SpringApplicationShutdownHook] com.zaxxer.hikari.HikariDataSource       : HikariPool-1 - Shutdown completed.
